<?xml version="1.0" encoding="UTF-8"?>
<testng-results skipped="0" failed="0" ignored="0" total="2" passed="2">
  <reporter-output>
  </reporter-output>
  <suite name="Suite" duration-ms="16977" started-at="2020-01-18T04:59:36Z" finished-at="2020-01-18T04:59:53Z">
    <groups>
    </groups>
    <test name="Test" duration-ms="16977" started-at="2020-01-18T04:59:36Z" finished-at="2020-01-18T04:59:53Z">
      <class name="com.testcases.Validate_Tc_01_Get_Categories">
        <test-method status="PASS" signature="Tc_01_Get_Categories()[pri:0, instance:com.testcases.Validate_Tc_01_Get_Categories@5bcab519]" name="Tc_01_Get_Categories" duration-ms="7189" started-at="2020-01-18T04:59:37Z" description="Get all the Categories from the shop" finished-at="2020-01-18T04:59:44Z">
          <reporter-output>
          </reporter-output>
        </test-method> <!-- Tc_01_Get_Categories -->
      </class> <!-- com.testcases.Validate_Tc_01_Get_Categories -->
      <class name="com.testcases.Validate_Tc_02_Get_Orders_E2E">
        <test-method status="PASS" signature="postData()[pri:0, instance:com.testcases.Validate_Tc_02_Get_Orders_E2E@31a5c39e]" name="postData" duration-ms="9409" started-at="2020-01-18T04:59:44Z" finished-at="2020-01-18T04:59:53Z">
          <reporter-output>
          </reporter-output>
        </test-method> <!-- postData -->
      </class> <!-- com.testcases.Validate_Tc_02_Get_Orders_E2E -->
    </test> <!-- Test -->
  </suite> <!-- Suite -->
</testng-results>
